<?xml version="1.0" encoding="UTF-8"?>
<!-- Generated by org.testng.reporters.JUnitXMLReporter -->
<testsuite hostname="LAPTOP-NVQGF7OR" ignored="1" name="Test" tests="2" failures="1" timestamp="2021-02-21T09:46:53 IST" time="0.123" errors="0">
  <testcase name="test1" time="0.026" classname="basicTest.AttributeBasics">
    <failure type="java.lang.AssertionError" message="expected [false] but found [true]">
      <![CDATA[java.lang.AssertionError: expected [false] but found [true]
at basicTest.AttributeBasics.test1(AttributeBasics.java:23)
at java.util.ArrayList.forEach(Unknown Source)
... Removed 31 stack frames]]>
    </failure>
  </testcase> <!-- test1 -->
  <testcase name="test2" time="0.001" classname="basicTest.AttributeBasics"/>
  <testcase name="test3" time="0.0" classname="basicTest.AttributeBasics">
    <ignored/>
  </testcase> <!-- test3 -->
</testsuite> <!-- Test -->
